


ARM Macro Assembler    Page 1 


    1 00000000         ;clears LCD screen
    2 00000000         
    3 00000000 40004100 
                       LCD_DC  EQU              0x40004100
    4 00000000 40008008 
                       SSI0_DR EQU              0x40008008
    5 00000000 4000800C 
                       SSI0_SR EQU              0x4000800C
    6 00000000         
    7 00000000         
    8 00000000         ;main Area of clear_LCD
    9 00000000                 AREA             clear_LCD_area , READONLY, CODE
, ALIGN=2
   10 00000000                 THUMB
   11 00000000                 EXPORT           clear_LCD
   12 00000000         
   13 00000000         clear_LCD
                               PROC
   14 00000000 B51F            PUSH             {R0, R1, R2, R3, R4, LR}
   15 00000002         
   16 00000002 4916            LDR              R1, =LCD_DC
   17 00000004 F04F 0000       MOV              R0, #0x00   ; D/C is low (contr
                                                            ol)
   18 00000008 6008            STR              R0, [R1]
   19 0000000A         
   20 0000000A         
   21 0000000A F000 F821       BL               chck_SSI_fifo
   22 0000000E 4914            LDR              R1, =SSI0_DR
   23 00000010 F04F 0020       MOV              R0, #0x20   ; basic command mod
                                                            e (H = 0) and horiz
                                                            ontal addressing mo
                                                            de (V = 0)
   24 00000014 6008            STR              R0, [R1]
   25 00000016         
   26 00000016 F000 F81B       BL               chck_SSI_fifo
   27 0000001A         
   28 0000001A F04F 0040       MOV              R0, #0x40   ; Y address 0
   29 0000001E 6008            STR              R0, [R1]
   30 00000020         
   31 00000020 F000 F816       BL               chck_SSI_fifo
   32 00000024         
   33 00000024 F04F 0080       MOV              R0, #0x80   ; X address 0
   34 00000028 6008            STR              R0, [R1]
   35 0000002A         
   36 0000002A F000 F811       BL               chck_SSI_fifo
   37 0000002E         
   38 0000002E 490B            LDR              R1, =LCD_DC
   39 00000030 F04F 0040       MOV              R0, #0x40   ; D/C is high (data
                                                            )
   40 00000034 6008            STR              R0, [R1]
   41 00000036         
   42 00000036 490A            LDR              R1, =SSI0_DR
   43 00000038 F04F 0000       MOV              R0, #0x00
   44 0000003C         ;MOV  R2, #672    ;number of traverse
   45 0000003C F44F 7428       MOV              R4, #672    ;number of traverse
                                                            
   46 00000040         
   47 00000040 F000 F806 
                       clear_loop



ARM Macro Assembler    Page 2 


                               BL               chck_SSI_fifo
   48 00000044 6008            STR              R0, [R1]
   49 00000046 3C01            SUBS             R4, #1
   50 00000048 D1FA            BNE              clear_loop
   51 0000004A         
   52 0000004A         ; exit the function
   53 0000004A E8BD 401F       POP              {R0, R1, R2, R3, R4, LR}
   54 0000004E 4770            BX               LR
   55 00000050         
   56 00000050         
   57 00000050         ; before transmission, check 
   58 00000050 4A04    chck_SSI_fifo
                               LDR              R2, =SSI0_SR
   59 00000052 6813            LDR              R3, [R2]
   60 00000054 F013 0310       ANDS             R3, #0x10
   61 00000058 D1FA            BNE              chck_SSI_fifo
   62 0000005A 4770            BX               LR
   63 0000005C         
   64 0000005C         
   65 0000005C         
   66 0000005C                 ENDP
   67 0000005C                 ALIGN
   68 0000005C                 END
              40004100 
              40008008 
              4000800C 
Command Line: --debug --xref --diag_suppress=9931 --cpu=Cortex-M4.fp --apcs=int
erwork --depend=.\objects\clear_lcd.d -o.\objects\clear_lcd.o -ID:\Project3fina
l\RTE -IC:\Keil_v5\ARM\PACK\ARM\CMSIS\5.0.0-Beta12\CMSIS\Include -IC:\Keil_v5\A
RM\PACK\Keil\TM4C_DFP\1.1.0\Device\Include\TM4C123 --predefine="__EVAL SETA 1" 
--predefine="__UVISION_VERSION SETA 521" --predefine="_RTE_ SETA 1" --predefine
="TM4C123GH6PM SETA 1" --list=.\listings\clear_lcd.lst clear_LCD.s



ARM Macro Assembler    Page 1 Alphabetic symbol ordering
Relocatable symbols

chck_SSI_fifo 00000050

Symbol: chck_SSI_fifo
   Definitions
      At line 58 in file clear_LCD.s
   Uses
      At line 21 in file clear_LCD.s
      At line 26 in file clear_LCD.s
      At line 31 in file clear_LCD.s
      At line 36 in file clear_LCD.s
      At line 47 in file clear_LCD.s
      At line 61 in file clear_LCD.s

clear_LCD 00000000

Symbol: clear_LCD
   Definitions
      At line 13 in file clear_LCD.s
   Uses
      At line 11 in file clear_LCD.s
Comment: clear_LCD used once
clear_LCD_area 00000000

Symbol: clear_LCD_area
   Definitions
      At line 9 in file clear_LCD.s
   Uses
      None
Comment: clear_LCD_area unused
clear_loop 00000040

Symbol: clear_loop
   Definitions
      At line 47 in file clear_LCD.s
   Uses
      At line 50 in file clear_LCD.s
Comment: clear_loop used once
4 symbols



ARM Macro Assembler    Page 1 Alphabetic symbol ordering
Absolute symbols

LCD_DC 40004100

Symbol: LCD_DC
   Definitions
      At line 3 in file clear_LCD.s
   Uses
      At line 16 in file clear_LCD.s
      At line 38 in file clear_LCD.s

SSI0_DR 40008008

Symbol: SSI0_DR
   Definitions
      At line 4 in file clear_LCD.s
   Uses
      At line 22 in file clear_LCD.s
      At line 42 in file clear_LCD.s

SSI0_SR 4000800C

Symbol: SSI0_SR
   Definitions
      At line 5 in file clear_LCD.s
   Uses
      At line 58 in file clear_LCD.s
Comment: SSI0_SR used once
3 symbols
344 symbols in table
