


ARM Macro Assembler    Page 1 


    1 00000000         ;initialize GPIO and SPI for LCD
    2 00000000         ;configure LCD
    3 00000000         ;/////////////////////////////////////////////////
    4 00000000         ;BOARD -> LCD
    5 00000000         ;PA2:clock -> Clk
    6 00000000         ;PA3:frame signal -> CE
    7 00000000         ;PA4:receive(not used) 
    8 00000000         ;PA5:transmit -> Din
    9 00000000         ;PA6 -> DC
   10 00000000         ;PA7 -> RST
   11 00000000         ;/////////////////////////////////////////////////
   12 00000000         
   13 00000000         ;definitions
   14 00000000 400FE608 
                       RCGCGPIO
                               EQU              0x400FE608
   15 00000000 40004420 
                       GPIO_PORTA_AFSEL
                               EQU              0x40004420
   16 00000000 4000452C 
                       GPIO_PORTA_PCTL
                               EQU              0x4000452C
   17 00000000 40004528 
                       GPIO_PORTA_AMSEL
                               EQU              0x40004528
   18 00000000 4000451C 
                       GPIO_PORTA_DEN
                               EQU              0x4000451C
   19 00000000 40004400 
                       GPIO_PORTA_DIR
                               EQU              0x40004400
   20 00000000 40004100 
                       LCD_DC  EQU              0x40004100
   21 00000000 40004200 
                       LCD_RST EQU              0x40004200
   22 00000000         
   23 00000000 400FE61C 
                       RCGCSSI EQU              0x400FE61C
   24 00000000 40008004 
                       SSI0_CR1
                               EQU              0x40008004
   25 00000000 40008010 
                       SSI0_CPSR
                               EQU              0x40008010
   26 00000000 40008000 
                       SSI0_CR0
                               EQU              0x40008000
   27 00000000 40008FC8 
                       SSI0_CC EQU              0x40008FC8
   28 00000000 4000800C 
                       SSI0_SR EQU              0x4000800C
   29 00000000 40008008 
                       SSI0_DR EQU              0x40008008
   30 00000000         
   31 00000000         ;main Area of init_LCD
   32 00000000                 AREA             init_LCD_area , READONLY, CODE,
 ALIGN=2
   33 00000000                 THUMB
   34 00000000                 EXPORT           init_LCD



ARM Macro Assembler    Page 2 


   35 00000000         
   36 00000000         init_LCD
                               PROC
   37 00000000 B50F            PUSH             {R0, R1, R2, R3, LR}
   38 00000002 4970            LDR              R1, =RCGCGPIO
   39 00000004 6808            LDR              R0, [R1]
   40 00000006 F040 0001       ORR              R0, #0x01   ;open PORTA for SPI
                                                             connection, SSI0
   41 0000000A 6008            STR              R0, [R1]
   42 0000000C BF00            NOP
   43 0000000E BF00            NOP
   44 00000010 BF00            NOP
   45 00000012 496D            LDR              R1, =GPIO_PORTA_DIR ;PA2:clock(
                                                            clk), PA3:frame sig
                                                            nal(CE), PA4:receiv
                                                            e(not used), PA5:tr
                                                            ansmit(Din), PA6: D
                                                            C, PA7:RST
   46 00000014 6808            LDR              R0, [R1]
   47 00000016 F040 00C0       ORR              R0, #0xC0   ; PA 6,7 output
   48 0000001A 6008            STR              R0, [R1]
   49 0000001C 496B            LDR              R1, =GPIO_PORTA_DEN ;PA2:clock(
                                                            clk), PA3:frame sig
                                                            nal(CE), PA4:receiv
                                                            e(not used), PA5:tr
                                                            ansmit(Din), PA6: D
                                                            C, PA7:RST
   50 0000001E 6808            LDR              R0, [R1]
   51 00000020 F040 002C       ORR              R0, #0x2C   ; PA 2,3,5 digital
   52 00000024 F040 00C0       ORR              R0, #0xC0   ; PA 6,7
   53 00000028 6008            STR              R0, [R1]
   54 0000002A 4969            LDR              R1, =GPIO_PORTA_AFSEL
   55 0000002C 6808            LDR              R0, [R1]
   56 0000002E F040 002C       ORR              R0, #0x2C   ; PA 2,3,5 alternat
                                                            e function
   57 00000032 F020 00C0       BIC              R0, #0xC0   ; PA 6,7 not altern
                                                            ate function
   58 00000036 6008            STR              R0, [R1]
   59 00000038 4966            LDR              R1, =GPIO_PORTA_PCTL
   60 0000003A 6808            LDR              R0, [R1]
   61 0000003C         ;BIC  R0, #0xFFF0FF00
   62 0000003C F420 407F       BIC              R0, #0xFF00
   63 00000040 F420 0070       BIC              R0, #0xF00000
   64 00000044 F020 407F       BIC              R0, #0xFF000000
   65 00000048         ;BIC R0, #0x202200
   66 00000048 F440 1000       ORR              R0, #0x200000 ; PA 2,3,5 altern
                                                            ate function SSI0, 
                                                            PD6,7 not alternate
                                                             function
   67 0000004C F440 5008       ORR              R0, #0x2200
   68 00000050 6008            STR              R0, [R1]
   69 00000052 4961            LDR              R1, =GPIO_PORTA_AMSEL
   70 00000054 6808            LDR              R0, [R1]
   71 00000056 F020 002C       BIC              R0, #0x2C   ; PA 2,3,5 not anal
                                                            og function
   72 0000005A F020 00C0       BIC              R0, #0xC0   ; PA 6,7 not analog
                                                             function
   73 0000005E 6008            STR              R0, [R1]
   74 00000060         



ARM Macro Assembler    Page 3 


   75 00000060         
   76 00000060 495E            LDR              R1, =RCGCSSI
   77 00000062 6808            LDR              R0, [R1]
   78 00000064 F040 0001       ORR              R0, #0x01   ; SSI0
   79 00000068 6008            STR              R0, [R1]
   80 0000006A BF00            NOP
   81 0000006C BF00            NOP
   82 0000006E BF00            NOP
   83 00000070 BF00            NOP
   84 00000072 BF00            NOP
   85 00000074 BF00            NOP
   86 00000076 495A            LDR              R1, =SSI0_CR1
   87 00000078 6808            LDR              R0, [R1]
   88 0000007A F020 0002       BIC              R0, #0x02   ; SSI0 disable
   89 0000007E 6008            STR              R0, [R1]
   90 00000080         
   91 00000080         ; 16 MHz system clock, at most 4 MHz SPI operation
   92 00000080 4958            LDR              R1, =SSI0_CC
   93 00000082 6808            LDR              R0, [R1]
   94 00000084 F020 000F       BIC              R0, #0x0F   ; System clock
   95 00000088 6008            STR              R0, [R1]
   96 0000008A 4957            LDR              R1, =SSI0_CPSR
   97 0000008C F04F 000F       MOV              R0, #15     ; CPSR = 6, 16/6 = 
                                                            2.66 MHz
   98 00000090 6008            STR              R0, [R1]
   99 00000092         
  100 00000092         
  101 00000092         
  102 00000092 4956            LDR              R1, =SSI0_CR0
  103 00000094 6808            LDR              R0, [R1]
  104 00000096 F420 407F       BIC              R0, #0xFF00 ; SCR = 0, 4 MHz se
                                                            rial clock
  105 0000009A F020 0080       BIC              R0, #0x00000080 ; SSI Serial Cl
                                                            ock Phase 
  106 0000009E F020 0040       BIC              R0, #0x00000040 ; SSI Serial Cl
                                                            ock Polarity; if th
                                                            is bit is 1, config
                                                            ure as pull up gpio
                                                            
  107 000000A2 F020 003F       BIC              R0, #0x3F   ; Freescale mode
  108 000000A6 F040 0007       ORR              R0, #0x7    ; 8-bit data
  109 000000AA 6008            STR              R0, [R1]
  110 000000AC         
  111 000000AC 494C            LDR              R1, =SSI0_CR1
  112 000000AE 6808            LDR              R0, [R1]
  113 000000B0 F020 0004       BIC              R0, #0x04   ; Master
  114 000000B4 F040 0002       ORR              R0, #0x02   ; Enable SSI1
  115 000000B8 6008            STR              R0, [R1]
  116 000000BA         
  117 000000BA         
  118 000000BA 494D            LDR              R1, =LCD_DC
  119 000000BC F04F 0000       MOV              R0, #0x00   ; D/C is low (contr
                                                            ol)
  120 000000C0 6008            STR              R0, [R1]
  121 000000C2         
  122 000000C2         
  123 000000C2 494C            LDR              R1, =LCD_RST
  124 000000C4 F04F 0000       MOV              R0, #0x00   ; active low reset,
                                                             low (reset the pre



ARM Macro Assembler    Page 4 


                                                            vious changes)
  125 000000C8 6008            STR              R0, [R1]
  126 000000CA BF00            NOP
  127 000000CC BF00            NOP
  128 000000CE BF00            NOP
  129 000000D0 BF00            NOP
  130 000000D2 BF00            NOP
  131 000000D4 BF00            NOP
  132 000000D6 BF00            NOP
  133 000000D8 BF00            NOP
  134 000000DA BF00            NOP
  135 000000DC BF00            NOP
  136 000000DE BF00            NOP
  137 000000E0 BF00            NOP
  138 000000E2 BF00            NOP
  139 000000E4 BF00            NOP
  140 000000E6 BF00            NOP
  141 000000E8 BF00            NOP
  142 000000EA BF00            NOP
  143 000000EC BF00            NOP
  144 000000EE BF00            NOP
  145 000000F0 BF00            NOP
  146 000000F2 BF00            NOP
  147 000000F4 BF00            NOP
  148 000000F6 BF00            NOP
  149 000000F8 BF00            NOP
  150 000000FA BF00            NOP
  151 000000FC BF00            NOP
  152 000000FE BF00            NOP
  153 00000100 BF00            NOP
  154 00000102 BF00            NOP
  155 00000104 BF00            NOP
  156 00000106 BF00            NOP
  157 00000108 BF00            NOP
  158 0000010A BF00            NOP
  159 0000010C BF00            NOP
  160 0000010E BF00            NOP
  161 00000110 BF00            NOP
  162 00000112 BF00            NOP
  163 00000114 BF00            NOP
  164 00000116 BF00            NOP
  165 00000118 BF00            NOP
  166 0000011A BF00            NOP
  167 0000011C BF00            NOP
  168 0000011E BF00            NOP
  169 00000120 BF00            NOP
  170 00000122 BF00            NOP
  171 00000124 BF00            NOP
  172 00000126 BF00            NOP
  173 00000128 BF00            NOP
  174 0000012A BF00            NOP
  175 0000012C BF00            NOP
  176 0000012E BF00            NOP
  177 00000130 BF00            NOP
  178 00000132 BF00            NOP
  179 00000134 BF00            NOP
  180 00000136 BF00            NOP
  181 00000138 BF00            NOP
  182 0000013A BF00            NOP



ARM Macro Assembler    Page 5 


  183 0000013C BF00            NOP
  184 0000013E BF00            NOP
  185 00000140 BF00            NOP
  186 00000142 BF00            NOP
  187 00000144 BF00            NOP
  188 00000146 BF00            NOP
  189 00000148 BF00            NOP
  190 0000014A BF00            NOP
  191 0000014C BF00            NOP
  192 0000014E BF00            NOP
  193 00000150 BF00            NOP
  194 00000152 BF00            NOP
  195 00000154 BF00            NOP
  196 00000156 BF00            NOP
  197 00000158 BF00            NOP
  198 0000015A 4926            LDR              R1, =LCD_RST
  199 0000015C F04F 0080       MOV              R0, #0x80   ; active low reset,
                                                             return to high
  200 00000160 6008            STR              R0, [R1]
  201 00000162         
  202 00000162         
  203 00000162 F000 F828       BL               check_SSI_fifo
  204 00000166         
  205 00000166 4924            LDR              R1, =SSI0_DR
  206 00000168 F04F 0021       MOV              R0, #0x21   ; additional comman
                                                            d mode (H = 1)
  207 0000016C 6008            STR              R0, [R1]
  208 0000016E         
  209 0000016E         
  210 0000016E F000 F822       BL               check_SSI_fifo
  211 00000172         
  212 00000172 F04F 00B4       MOV              R0, #0xB4   ; VOP ; ; try 0xB1 
                                                            (for 3.3V red Spark
                                                            Fun), 0xB8 (for 3.3
                                                            V blue SparkFun), 0
                                                            xBF if your display
                                                             is too dark, or 0x
                                                            80 to 0xFF if exper
                                                            imenting
  213 00000176 6008            STR              R0, [R1]
  214 00000178         
  215 00000178 F000 F81D       BL               check_SSI_fifo
  216 0000017C         
  217 0000017C F04F 0004       MOV              R0, #0x04   ; temperature coeff
                                                            icient 
  218 00000180 6008            STR              R0, [R1]
  219 00000182         
  220 00000182 F000 F818       BL               check_SSI_fifo
  221 00000186         
  222 00000186 F04F 0013       MOV              R0, #0x13   ; Voltage Bias Syst
                                                            em (n=4, 1:48)
  223 0000018A 6008            STR              R0, [R1]
  224 0000018C         
  225 0000018C F000 F813       BL               check_SSI_fifo
  226 00000190         
  227 00000190         
  228 00000190 F04F 0020       MOV              R0, #0x20   ; basic command mod
                                                            e (H = 0) and horiz
                                                            ontal addressing mo



ARM Macro Assembler    Page 6 


                                                            de (V = 0)
  229 00000194 6008            STR              R0, [R1]
  230 00000196         
  231 00000196 F000 F80E       BL               check_SSI_fifo
  232 0000019A         
  233 0000019A         ;LDR  R1, =SSI0_DR
  234 0000019A         ;MOV  R0, #0x000C     ; Normal Mode display
  235 0000019A F04F 0008       MOV              R0, #0x08   ; To check communic
                                                            ation, dark mode
  236 0000019E 6008            STR              R0, [R1]
  237 000001A0         
  238 000001A0 F000 F809       BL               check_SSI_fifo
  239 000001A4         
  240 000001A4 4914            LDR              R1, =SSI0_DR
  241 000001A6 F04F 000C       MOV              R0, #0x0C   ; To check communic
                                                            ation, dark mode
  242 000001AA F000 F804       BL               check_SSI_fifo
  243 000001AE 6008            STR              R0, [R1]
  244 000001B0         
  245 000001B0         
  246 000001B0 E8BD 400F       POP              {R0, R1, R2, R3, LR}
  247 000001B4 4770            BX               LR
  248 000001B6         
  249 000001B6 4A11    check_SSI_fifo
                               LDR              R2, =SSI0_SR
  250 000001B8 6813            LDR              R3, [R2]
  251 000001BA F013 0310       ANDS             R3, #0x10
  252 000001BE D1FA            BNE              check_SSI_fifo
  253 000001C0 4770            BX               LR
  254 000001C2         
  255 000001C2                 ENDP
  256 000001C2 00 00           ALIGN
  257 000001C4                 END
              400FE608 
              40004400 
              4000451C 
              40004420 
              4000452C 
              40004528 
              400FE61C 
              40008004 
              40008FC8 
              40008010 
              40008000 
              40004100 
              40004200 
              40008008 
              4000800C 
Command Line: --debug --xref --diag_suppress=9931 --cpu=Cortex-M4.fp --apcs=int
erwork --depend=.\objects\init_lcd.d -o.\objects\init_lcd.o -ID:\Project3final\
RTE -IC:\Keil_v5\ARM\PACK\ARM\CMSIS\5.0.0-Beta12\CMSIS\Include -IC:\Keil_v5\ARM
\PACK\Keil\TM4C_DFP\1.1.0\Device\Include\TM4C123 --predefine="__EVAL SETA 1" --
predefine="__UVISION_VERSION SETA 521" --predefine="_RTE_ SETA 1" --predefine="
TM4C123GH6PM SETA 1" --list=.\listings\init_lcd.lst init_LCD.s



ARM Macro Assembler    Page 1 Alphabetic symbol ordering
Relocatable symbols

check_SSI_fifo 000001B6

Symbol: check_SSI_fifo
   Definitions
      At line 249 in file init_LCD.s
   Uses
      At line 203 in file init_LCD.s
      At line 210 in file init_LCD.s
      At line 215 in file init_LCD.s
      At line 220 in file init_LCD.s
      At line 225 in file init_LCD.s
      At line 231 in file init_LCD.s
      At line 238 in file init_LCD.s
      At line 242 in file init_LCD.s
      At line 252 in file init_LCD.s

init_LCD 00000000

Symbol: init_LCD
   Definitions
      At line 36 in file init_LCD.s
   Uses
      At line 34 in file init_LCD.s
Comment: init_LCD used once
init_LCD_area 00000000

Symbol: init_LCD_area
   Definitions
      At line 32 in file init_LCD.s
   Uses
      None
Comment: init_LCD_area unused
3 symbols



ARM Macro Assembler    Page 1 Alphabetic symbol ordering
Absolute symbols

GPIO_PORTA_AFSEL 40004420

Symbol: GPIO_PORTA_AFSEL
   Definitions
      At line 15 in file init_LCD.s
   Uses
      At line 54 in file init_LCD.s
Comment: GPIO_PORTA_AFSEL used once
GPIO_PORTA_AMSEL 40004528

Symbol: GPIO_PORTA_AMSEL
   Definitions
      At line 17 in file init_LCD.s
   Uses
      At line 69 in file init_LCD.s
Comment: GPIO_PORTA_AMSEL used once
GPIO_PORTA_DEN 4000451C

Symbol: GPIO_PORTA_DEN
   Definitions
      At line 18 in file init_LCD.s
   Uses
      At line 49 in file init_LCD.s
Comment: GPIO_PORTA_DEN used once
GPIO_PORTA_DIR 40004400

Symbol: GPIO_PORTA_DIR
   Definitions
      At line 19 in file init_LCD.s
   Uses
      At line 45 in file init_LCD.s
Comment: GPIO_PORTA_DIR used once
GPIO_PORTA_PCTL 4000452C

Symbol: GPIO_PORTA_PCTL
   Definitions
      At line 16 in file init_LCD.s
   Uses
      At line 59 in file init_LCD.s
Comment: GPIO_PORTA_PCTL used once
LCD_DC 40004100

Symbol: LCD_DC
   Definitions
      At line 20 in file init_LCD.s
   Uses
      At line 118 in file init_LCD.s
Comment: LCD_DC used once
LCD_RST 40004200

Symbol: LCD_RST
   Definitions
      At line 21 in file init_LCD.s
   Uses
      At line 123 in file init_LCD.s
      At line 198 in file init_LCD.s

RCGCGPIO 400FE608




ARM Macro Assembler    Page 2 Alphabetic symbol ordering
Absolute symbols

Symbol: RCGCGPIO
   Definitions
      At line 14 in file init_LCD.s
   Uses
      At line 38 in file init_LCD.s
Comment: RCGCGPIO used once
RCGCSSI 400FE61C

Symbol: RCGCSSI
   Definitions
      At line 23 in file init_LCD.s
   Uses
      At line 76 in file init_LCD.s
Comment: RCGCSSI used once
SSI0_CC 40008FC8

Symbol: SSI0_CC
   Definitions
      At line 27 in file init_LCD.s
   Uses
      At line 92 in file init_LCD.s
Comment: SSI0_CC used once
SSI0_CPSR 40008010

Symbol: SSI0_CPSR
   Definitions
      At line 25 in file init_LCD.s
   Uses
      At line 96 in file init_LCD.s
Comment: SSI0_CPSR used once
SSI0_CR0 40008000

Symbol: SSI0_CR0
   Definitions
      At line 26 in file init_LCD.s
   Uses
      At line 102 in file init_LCD.s
Comment: SSI0_CR0 used once
SSI0_CR1 40008004

Symbol: SSI0_CR1
   Definitions
      At line 24 in file init_LCD.s
   Uses
      At line 86 in file init_LCD.s
      At line 111 in file init_LCD.s

SSI0_DR 40008008

Symbol: SSI0_DR
   Definitions
      At line 29 in file init_LCD.s
   Uses
      At line 205 in file init_LCD.s
      At line 240 in file init_LCD.s

SSI0_SR 4000800C

Symbol: SSI0_SR



ARM Macro Assembler    Page 3 Alphabetic symbol ordering
Absolute symbols

   Definitions
      At line 28 in file init_LCD.s
   Uses
      At line 249 in file init_LCD.s
Comment: SSI0_SR used once
15 symbols
355 symbols in table
